<?xml version="1.0" encoding="UTF-8"?>
<!-- Generated by org.testng.reporters.JUnitReportReporter -->
<testsuite hostname="DESKTOP-T6R3T2N" failures="0" tests="1" name="com.eNetBanking.testCases.TC_EditCustomer_004" time="47.690" errors="0" timestamp="06 Sep 2023 07:55:11 GMT" skipped="0">
  <testcase classname="com.eNetBanking.testCases.TC_EditCustomer_004" name="editCustomer" time="47.690"/>
</testsuite> <!-- com.eNetBanking.testCases.TC_EditCustomer_004 -->
