<?xml version="1.0" encoding="UTF-8"?>
<!-- Generated by org.testng.reporters.JUnitReportReporter -->
<testsuite hostname="DESKTOP-T6R3T2N" failures="0" tests="1" name="com.eNetBanking.testCases.TC_NewAccountTest_005" time="88.529" errors="0" timestamp="18 Sep 2023 06:21:00 GMT" skipped="0">
  <testcase classname="com.eNetBanking.testCases.TC_NewAccountTest_005" name="newAccount" time="88.529"/>
</testsuite> <!-- com.eNetBanking.testCases.TC_NewAccountTest_005 -->
